[debug] [2021-01-09T20:00:58.595Z] ----------------------------------------------------------------------
[debug] [2021-01-09T20:00:58.597Z] Command:       C:\Program Files\nodejs\node.exe C:\Users\chamn\AppData\Roaming\npm\node_modules\firebase-tools\lib\bin\firebase.js init emulators
[debug] [2021-01-09T20:00:58.597Z] CLI Version:   9.1.2
[debug] [2021-01-09T20:00:58.597Z] Platform:      win32
[debug] [2021-01-09T20:00:58.598Z] Node Version:  v12.18.4
[debug] [2021-01-09T20:00:58.601Z] Time:          Sat Jan 09 2021 15:00:58 GMT-0500 (Eastern Standard Time)
[debug] [2021-01-09T20:00:58.601Z] ----------------------------------------------------------------------
[debug] [2021-01-09T20:00:58.602Z] 
[debug] [2021-01-09T20:00:58.611Z] > command requires scopes: ["email","openid","https://www.googleapis.com/auth/cloudplatformprojects.readonly","https://www.googleapis.com/auth/firebase","https://www.googleapis.com/auth/cloud-platform"]
[debug] [2021-01-09T20:00:58.611Z] > authorizing via signed-in user
[info] 
     ######## #### ########  ######## ########     ###     ######  ########
     ##        ##  ##     ## ##       ##     ##  ##   ##  ##       ##
     ######    ##  ########  ######   ########  #########  ######  ######
     ##        ##  ##    ##  ##       ##     ## ##     ##       ## ##
     ##       #### ##     ## ######## ########  ##     ##  ######  ########

You're about to initialize a Firebase project in this directory:

  C:\Users\chamn\Downloads\e-commerce\amazon-clone

Before we get started, keep in mind:

  * You are initializing in an existing Firebase project directory

[info] 
=== Project Setup
[info] 
[info] First, let's associate this project directory with a Firebase project.
[info] You can create multiple project aliases by running firebase use --add, 
[info] but for now we'll just set up a default project.
[info] 
[info] i  .firebaserc already has a default project, using e-commerce-760c8. 
[debug] [2021-01-09T20:01:03.282Z] > refreshing access token with scopes: ["email","https://www.googleapis.com/auth/cloud-platform","https://www.googleapis.com/auth/cloudplatformprojects.readonly","https://www.googleapis.com/auth/firebase","openid"]
[debug] [2021-01-09T20:01:03.283Z] >>> HTTP REQUEST POST https://www.googleapis.com/oauth2/v3/token  
 <request body omitted>
[debug] [2021-01-09T20:01:03.555Z] <<< HTTP RESPONSE 200 {"date":"Sat, 09 Jan 2021 20:01:04 GMT","expires":"Mon, 01 Jan 1990 00:00:00 GMT","cache-control":"no-cache, no-store, max-age=0, must-revalidate","pragma":"no-cache","content-type":"application/json; charset=utf-8","vary":"X-Origin, Referer, Origin,Accept-Encoding","server":"scaffolding on HTTPServer2","x-xss-protection":"0","x-frame-options":"SAMEORIGIN","x-content-type-options":"nosniff","alt-svc":"h3-29=\":443\"; ma=2592000,h3-T051=\":443\"; ma=2592000,h3-Q050=\":443\"; ma=2592000,h3-Q046=\":443\"; ma=2592000,h3-Q043=\":443\"; ma=2592000,quic=\":443\"; ma=2592000; v=\"46,43\"","accept-ranges":"none","transfer-encoding":"chunked"}
[debug] [2021-01-09T20:01:03.580Z] >>> HTTP REQUEST GET https://firebase.googleapis.com/v1beta1/projects/e-commerce-760c8  
 
[debug] [2021-01-09T20:01:03.893Z] <<< HTTP RESPONSE 200 {"content-type":"application/json; charset=UTF-8","vary":"X-Origin, Referer, Origin,Accept-Encoding","date":"Sat, 09 Jan 2021 20:01:05 GMT","server":"ESF","cache-control":"private","x-xss-protection":"0","x-frame-options":"SAMEORIGIN","x-content-type-options":"nosniff","alt-svc":"h3-29=\":443\"; ma=2592000,h3-T051=\":443\"; ma=2592000,h3-Q050=\":443\"; ma=2592000,h3-Q046=\":443\"; ma=2592000,h3-Q043=\":443\"; ma=2592000,quic=\":443\"; ma=2592000; v=\"46,43\"","accept-ranges":"none","transfer-encoding":"chunked"}
[info] 
=== Emulators Setup
[debug] [2021-01-09T20:01:23.351Z] ----------------------------------------------------------------------
[debug] [2021-01-09T20:01:23.354Z] Command:       C:\Program Files\nodejs\node.exe C:\Users\chamn\AppData\Roaming\npm\node_modules\firebase-tools\lib\bin\firebase.js emulators:start
[debug] [2021-01-09T20:01:23.354Z] CLI Version:   9.1.2
[debug] [2021-01-09T20:01:23.355Z] Platform:      win32
[debug] [2021-01-09T20:01:23.355Z] Node Version:  v12.18.4
[debug] [2021-01-09T20:01:23.358Z] Time:          Sat Jan 09 2021 15:01:23 GMT-0500 (Eastern Standard Time)
[debug] [2021-01-09T20:01:23.358Z] ----------------------------------------------------------------------
[debug] [2021-01-09T20:01:23.358Z] 
[debug] [2021-01-09T20:01:23.380Z] > command requires scopes: ["email","openid","https://www.googleapis.com/auth/cloudplatformprojects.readonly","https://www.googleapis.com/auth/firebase","https://www.googleapis.com/auth/cloud-platform"]
[debug] [2021-01-09T20:01:23.381Z] > authorizing via signed-in user
[info] i  emulators: Starting emulators: functions, hosting {"metadata":{"emulator":{"name":"hub"},"message":"Starting emulators: functions, hosting"}}
[debug] [2021-01-09T20:01:25.609Z] [hub] writing locator at C:\Users\chamn\AppData\Local\Temp\hub-e-commerce-760c8.json
[warn] !  functions: The following emulators are not running, calls to these services from the Functions emulator will affect production: auth, firestore, database, pubsub {"metadata":{"emulator":{"name":"functions"},"message":"The following emulators are not running, calls to these services from the Functions emulator will affect production: \u001b[1mauth, firestore, database, pubsub\u001b[22m"}}
[info] +  functions: Using node@12 from host. {"metadata":{"emulator":{"name":"functions"},"message":"Using node@12 from host."}}
[debug] [2021-01-09T20:01:27.731Z] defaultcredentials: writing to file C:\Users\chamn\AppData\Roaming\firebase\goodlifes_llc_gmail.com_application_default_credentials.json
[debug] [2021-01-09T20:01:27.734Z] Setting GAC to C:\Users\chamn\AppData\Roaming\firebase\goodlifes_llc_gmail.com_application_default_credentials.json {"metadata":{"emulator":{"name":"functions"},"message":"Setting GAC to C:\\Users\\chamn\\AppData\\Roaming\\firebase\\goodlifes_llc_gmail.com_application_default_credentials.json"}}
[debug] [2021-01-09T20:01:27.737Z] > refreshing access token with scopes: []
[debug] [2021-01-09T20:01:27.737Z] >>> HTTP REQUEST POST https://www.googleapis.com/oauth2/v3/token  
 <request body omitted>
[debug] [2021-01-09T20:01:27.968Z] <<< HTTP RESPONSE 200 {"expires":"Mon, 01 Jan 1990 00:00:00 GMT","pragma":"no-cache","cache-control":"no-cache, no-store, max-age=0, must-revalidate","date":"Sat, 09 Jan 2021 20:01:29 GMT","content-type":"application/json; charset=utf-8","vary":"X-Origin, Referer, Origin,Accept-Encoding","server":"scaffolding on HTTPServer2","x-xss-protection":"0","x-frame-options":"SAMEORIGIN","x-content-type-options":"nosniff","alt-svc":"h3-29=\":443\"; ma=2592000,h3-T051=\":443\"; ma=2592000,h3-Q050=\":443\"; ma=2592000,h3-Q046=\":443\"; ma=2592000,h3-Q043=\":443\"; ma=2592000,quic=\":443\"; ma=2592000; v=\"46,43\"","accept-ranges":"none","transfer-encoding":"chunked"}
[debug] [2021-01-09T20:01:27.999Z] >>> [apiv2][query] GET https://firebase.googleapis.com/v1beta1/projects/e-commerce-760c8/adminSdkConfig [none]
[debug] [2021-01-09T20:01:28.232Z] <<< [apiv2][status] GET https://firebase.googleapis.com/v1beta1/projects/e-commerce-760c8/adminSdkConfig 200
[debug] [2021-01-09T20:01:28.232Z] <<< [apiv2][body] GET https://firebase.googleapis.com/v1beta1/projects/e-commerce-760c8/adminSdkConfig {"projectId":"e-commerce-760c8","databaseURL":"https://e-commerce-760c8-default-rtdb.firebaseio.com","storageBucket":"e-commerce-760c8.appspot.com","locationId":"us-central"}
[debug] [2021-01-09T20:01:30.271Z] > refreshing access token with scopes: ["email","https://www.googleapis.com/auth/cloud-platform","https://www.googleapis.com/auth/cloudplatformprojects.readonly","https://www.googleapis.com/auth/firebase","openid"]
[debug] [2021-01-09T20:01:30.271Z] >>> HTTP REQUEST POST https://www.googleapis.com/oauth2/v3/token  
 <request body omitted>
[debug] [2021-01-09T20:01:30.473Z] <<< HTTP RESPONSE 200 {"expires":"Mon, 01 Jan 1990 00:00:00 GMT","pragma":"no-cache","cache-control":"no-cache, no-store, max-age=0, must-revalidate","date":"Sat, 09 Jan 2021 20:01:31 GMT","content-type":"application/json; charset=utf-8","vary":"X-Origin, Referer, Origin,Accept-Encoding","server":"scaffolding on HTTPServer2","x-xss-protection":"0","x-frame-options":"SAMEORIGIN","x-content-type-options":"nosniff","alt-svc":"h3-29=\":443\"; ma=2592000,h3-T051=\":443\"; ma=2592000,h3-Q050=\":443\"; ma=2592000,h3-Q046=\":443\"; ma=2592000,h3-Q043=\":443\"; ma=2592000,quic=\":443\"; ma=2592000; v=\"46,43\"","accept-ranges":"none","transfer-encoding":"chunked"}
[debug] [2021-01-09T20:01:30.541Z] >>> HTTP REQUEST GET https://firebase.googleapis.com/v1beta1/projects/e-commerce-760c8/webApps/-/config  
 
[debug] [2021-01-09T20:01:30.926Z] <<< HTTP RESPONSE 200 {"content-type":"application/json; charset=UTF-8","vary":"X-Origin, Referer, Origin,Accept-Encoding","date":"Sat, 09 Jan 2021 20:01:32 GMT","server":"ESF","cache-control":"private","x-xss-protection":"0","x-frame-options":"SAMEORIGIN","x-content-type-options":"nosniff","alt-svc":"h3-29=\":443\"; ma=2592000,h3-T051=\":443\"; ma=2592000,h3-Q050=\":443\"; ma=2592000,h3-Q046=\":443\"; ma=2592000,h3-Q043=\":443\"; ma=2592000,quic=\":443\"; ma=2592000; v=\"46,43\"","accept-ranges":"none","transfer-encoding":"chunked"}
[info] i  hosting: Serving hosting files from: build {"metadata":{"emulator":{"name":"hosting"},"message":"Serving hosting files from: \u001b[1mbuild\u001b[22m"}}
[info] +  hosting: Local server: http://localhost:5000 {"metadata":{"emulator":{"name":"hosting"},"message":"Local server: \u001b[4m\u001b[1mhttp://localhost:5000\u001b[22m\u001b[24m"}}
[debug] [2021-01-09T20:01:35.089Z] Ignoring unsupported arg: auto_download {"metadata":{"emulator":{"name":"ui"},"message":"Ignoring unsupported arg: auto_download"}}
[debug] [2021-01-09T20:01:35.089Z] Ignoring unsupported arg: port {"metadata":{"emulator":{"name":"ui"},"message":"Ignoring unsupported arg: port"}}
[debug] [2021-01-09T20:01:35.089Z] Starting Emulator UI with command {"binary":"node","args":["C:\\Users\\chamn\\.cache\\firebase\\emulators\\ui-v1.4.1\\server.bundle.js"],"optionalArgs":[],"joinArgs":false} {"metadata":{"emulator":{"name":"ui"},"message":"Starting Emulator UI with command {\"binary\":\"node\",\"args\":[\"C:\\\\Users\\\\chamn\\\\.cache\\\\firebase\\\\emulators\\\\ui-v1.4.1\\\\server.bundle.js\"],\"optionalArgs\":[],\"joinArgs\":false}"}}
[info] i  ui: Emulator UI logging to ui-debug.log {"metadata":{"emulator":{"name":"ui"},"message":"Emulator UI logging to \u001b[1mui-debug.log\u001b[22m"}}
[debug] [2021-01-09T20:01:35.368Z] Web / API server started at http://localhost:4000
 {"metadata":{"emulator":{"name":"ui"},"message":"Web / API server started at http://localhost:4000\n"}}
[info] i  functions: Watching "C:\Users\chamn\Downloads\e-commerce\amazon-clone\functions" for Cloud Functions... {"metadata":{"emulator":{"name":"functions"},"message":"Watching \"C:\\Users\\chamn\\Downloads\\e-commerce\\amazon-clone\\functions\" for Cloud Functions..."}}
[debug] [2021-01-09T20:01:35.625Z] [worker-pool] addWorker(~diagnostic~) {"metadata":{"emulator":{"name":"functions"},"message":"[worker-pool] addWorker(~diagnostic~)"}}
[debug] [2021-01-09T20:01:35.626Z] [worker-pool] Adding worker with key ~diagnostic~, total=1 {"metadata":{"emulator":{"name":"functions"},"message":"[worker-pool] Adding worker with key ~diagnostic~, total=1"}}
[debug] [2021-01-09T20:01:35.626Z] [worker-pool] submitWork(triggerId=) {"metadata":{"emulator":{"name":"functions"},"message":"[worker-pool] submitWork(triggerId=)"}}
[debug] [2021-01-09T20:01:35.626Z] [worker-~diagnostic~-708d5506-3661-44f2-9619-a7f8d2a70871]: Assigning socketPath: \\?\pipe\C:\Users\chamn\Downloads\e-commerce\amazon-clone\functions\15248 {"metadata":{"emulator":{"name":"functions"},"message":"[worker-~diagnostic~-708d5506-3661-44f2-9619-a7f8d2a70871]: Assigning socketPath: \\\\?\\pipe\\C:\\Users\\chamn\\Downloads\\e-commerce\\amazon-clone\\functions\\15248"}}
[debug] [2021-01-09T20:01:35.626Z] [worker-~diagnostic~-708d5506-3661-44f2-9619-a7f8d2a70871]: BUSY {"metadata":{"emulator":{"name":"functions"},"message":"[worker-~diagnostic~-708d5506-3661-44f2-9619-a7f8d2a70871]: BUSY"}}
[debug] [2021-01-09T20:01:36.132Z] [runtime-status] [15248] Functions runtime initialized. {"cwd":"C:\\Users\\chamn\\Downloads\\e-commerce\\amazon-clone\\functions","node_version":"12.18.4"} {"metadata":{"emulator":{"name":"functions"},"message":"[runtime-status] [15248] Functions runtime initialized. {\"cwd\":\"C:\\\\Users\\\\chamn\\\\Downloads\\\\e-commerce\\\\amazon-clone\\\\functions\",\"node_version\":\"12.18.4\"}"}}
[debug] [2021-01-09T20:01:36.133Z] [runtime-status] [15248] Disabled runtime features: undefined {"metadata":{"emulator":{"name":"functions"},"message":"[runtime-status] [15248] Disabled runtime features: undefined"}}
[debug] [2021-01-09T20:01:36.138Z] [runtime-status] [15248] Resolved module firebase-admin {"declared":true,"installed":true,"version":"9.4.2","resolution":"C:\\Users\\chamn\\Downloads\\e-commerce\\amazon-clone\\functions\\node_modules\\firebase-admin\\lib\\index.js"} {"metadata":{"emulator":{"name":"functions"},"message":"[runtime-status] [15248] Resolved module firebase-admin {\"declared\":true,\"installed\":true,\"version\":\"9.4.2\",\"resolution\":\"C:\\\\Users\\\\chamn\\\\Downloads\\\\e-commerce\\\\amazon-clone\\\\functions\\\\node_modules\\\\firebase-admin\\\\lib\\\\index.js\"}"}}
[debug] [2021-01-09T20:01:36.140Z] [runtime-status] [15248] Resolved module firebase-functions {"declared":true,"installed":true,"version":"3.13.0","resolution":"C:\\Users\\chamn\\Downloads\\e-commerce\\amazon-clone\\functions\\node_modules\\firebase-functions\\lib\\index.js"} {"metadata":{"emulator":{"name":"functions"},"message":"[runtime-status] [15248] Resolved module firebase-functions {\"declared\":true,\"installed\":true,\"version\":\"3.13.0\",\"resolution\":\"C:\\\\Users\\\\chamn\\\\Downloads\\\\e-commerce\\\\amazon-clone\\\\functions\\\\node_modules\\\\firebase-functions\\\\lib\\\\index.js\"}"}}
[debug] [2021-01-09T20:01:36.143Z] [runtime-status] [15248] Resolved module firebase-functions {"declared":true,"installed":true,"version":"3.13.0","resolution":"C:\\Users\\chamn\\Downloads\\e-commerce\\amazon-clone\\functions\\node_modules\\firebase-functions\\lib\\index.js"} {"metadata":{"emulator":{"name":"functions"},"message":"[runtime-status] [15248] Resolved module firebase-functions {\"declared\":true,\"installed\":true,\"version\":\"3.13.0\",\"resolution\":\"C:\\\\Users\\\\chamn\\\\Downloads\\\\e-commerce\\\\amazon-clone\\\\functions\\\\node_modules\\\\firebase-functions\\\\lib\\\\index.js\"}"}}
[debug] [2021-01-09T20:01:36.146Z] [runtime-status] [15248] Outgoing network have been stubbed. [{"name":"http","status":"mocked"},{"name":"http","status":"mocked"},{"name":"https","status":"mocked"},{"name":"https","status":"mocked"},{"name":"net","status":"mocked"}] {"metadata":{"emulator":{"name":"functions"},"message":"[runtime-status] [15248] Outgoing network have been stubbed. [{\"name\":\"http\",\"status\":\"mocked\"},{\"name\":\"http\",\"status\":\"mocked\"},{\"name\":\"https\",\"status\":\"mocked\"},{\"name\":\"https\",\"status\":\"mocked\"},{\"name\":\"net\",\"status\":\"mocked\"}]"}}
[debug] [2021-01-09T20:01:36.148Z] [runtime-status] [15248] Resolved module firebase-functions {"declared":true,"installed":true,"version":"3.13.0","resolution":"C:\\Users\\chamn\\Downloads\\e-commerce\\amazon-clone\\functions\\node_modules\\firebase-functions\\lib\\index.js"} {"metadata":{"emulator":{"name":"functions"},"message":"[runtime-status] [15248] Resolved module firebase-functions {\"declared\":true,\"installed\":true,\"version\":\"3.13.0\",\"resolution\":\"C:\\\\Users\\\\chamn\\\\Downloads\\\\e-commerce\\\\amazon-clone\\\\functions\\\\node_modules\\\\firebase-functions\\\\lib\\\\index.js\"}"}}
[debug] [2021-01-09T20:01:36.240Z] [runtime-status] [15248] Checked functions.config() {"config":{}} {"metadata":{"emulator":{"name":"functions"},"message":"[runtime-status] [15248] Checked functions.config() {\"config\":{}}"}}
[debug] [2021-01-09T20:01:36.241Z] [runtime-status] [15248] firebase-functions has been stubbed. {"functionsResolution":{"declared":true,"installed":true,"version":"3.13.0","resolution":"C:\\Users\\chamn\\Downloads\\e-commerce\\amazon-clone\\functions\\node_modules\\firebase-functions\\lib\\index.js"}} {"metadata":{"emulator":{"name":"functions"},"message":"[runtime-status] [15248] firebase-functions has been stubbed. {\"functionsResolution\":{\"declared\":true,\"installed\":true,\"version\":\"3.13.0\",\"resolution\":\"C:\\\\Users\\\\chamn\\\\Downloads\\\\e-commerce\\\\amazon-clone\\\\functions\\\\node_modules\\\\firebase-functions\\\\lib\\\\index.js\"}}"}}
[debug] [2021-01-09T20:01:36.242Z] [runtime-status] [15248] Resolved module firebase-functions {"declared":true,"installed":true,"version":"3.13.0","resolution":"C:\\Users\\chamn\\Downloads\\e-commerce\\amazon-clone\\functions\\node_modules\\firebase-functions\\lib\\index.js"} {"metadata":{"emulator":{"name":"functions"},"message":"[runtime-status] [15248] Resolved module firebase-functions {\"declared\":true,\"installed\":true,\"version\":\"3.13.0\",\"resolution\":\"C:\\\\Users\\\\chamn\\\\Downloads\\\\e-commerce\\\\amazon-clone\\\\functions\\\\node_modules\\\\firebase-functions\\\\lib\\\\index.js\"}"}}
[debug] [2021-01-09T20:01:36.246Z] [runtime-status] [15248] Resolved module firebase-admin {"declared":true,"installed":true,"version":"9.4.2","resolution":"C:\\Users\\chamn\\Downloads\\e-commerce\\amazon-clone\\functions\\node_modules\\firebase-admin\\lib\\index.js"} {"metadata":{"emulator":{"name":"functions"},"message":"[runtime-status] [15248] Resolved module firebase-admin {\"declared\":true,\"installed\":true,\"version\":\"9.4.2\",\"resolution\":\"C:\\\\Users\\\\chamn\\\\Downloads\\\\e-commerce\\\\amazon-clone\\\\functions\\\\node_modules\\\\firebase-admin\\\\lib\\\\index.js\"}"}}
[debug] [2021-01-09T20:01:36.247Z] [runtime-status] [15248] Resolved module firebase-functions {"declared":true,"installed":true,"version":"3.13.0","resolution":"C:\\Users\\chamn\\Downloads\\e-commerce\\amazon-clone\\functions\\node_modules\\firebase-functions\\lib\\index.js"} {"metadata":{"emulator":{"name":"functions"},"message":"[runtime-status] [15248] Resolved module firebase-functions {\"declared\":true,\"installed\":true,\"version\":\"3.13.0\",\"resolution\":\"C:\\\\Users\\\\chamn\\\\Downloads\\\\e-commerce\\\\amazon-clone\\\\functions\\\\node_modules\\\\firebase-functions\\\\lib\\\\index.js\"}"}}
[debug] [2021-01-09T20:01:36.248Z] [runtime-status] [15248] firebase-admin has been stubbed. {"adminResolution":{"declared":true,"installed":true,"version":"9.4.2","resolution":"C:\\Users\\chamn\\Downloads\\e-commerce\\amazon-clone\\functions\\node_modules\\firebase-admin\\lib\\index.js"}} {"metadata":{"emulator":{"name":"functions"},"message":"[runtime-status] [15248] firebase-admin has been stubbed. {\"adminResolution\":{\"declared\":true,\"installed\":true,\"version\":\"9.4.2\",\"resolution\":\"C:\\\\Users\\\\chamn\\\\Downloads\\\\e-commerce\\\\amazon-clone\\\\functions\\\\node_modules\\\\firebase-admin\\\\lib\\\\index.js\"}}"}}
[info] +  functions[api]: http function initialized (http://localhost:5001/e-commerce-760c8/us-central1/api). {"metadata":{"emulator":{"name":"functions"},"message":"\u001b[1mhttp\u001b[22m function initialized (http://localhost:5001/e-commerce-760c8/us-central1/api)."}}
[info] 
┌─────────────────────────────────────────────────────────────┐
│ ✔  All emulators ready! It is now safe to connect your app. │
│ i  View Emulator UI at http://localhost:4000                │
└─────────────────────────────────────────────────────────────┘

┌───────────┬────────────────┬─────────────────────────────────┐
│ Emulator  │ Host:Port      │ View in Emulator UI             │
├───────────┼────────────────┼─────────────────────────────────┤
│ Functions │ localhost:5001 │ http://localhost:4000/functions │
├───────────┼────────────────┼─────────────────────────────────┤
│ Hosting   │ localhost:5000 │ n/a                             │
└───────────┴────────────────┴─────────────────────────────────┘
  Emulator Hub running at localhost:4400
  Other reserved ports: 4500

Issues? Report them at https://github.com/firebase/firebase-tools/issues and attach the *-debug.log files.
 
[debug] [2021-01-09T20:01:36.662Z] [worker-~diagnostic~-708d5506-3661-44f2-9619-a7f8d2a70871]: IDLE {"metadata":{"emulator":{"name":"functions"},"message":"[worker-~diagnostic~-708d5506-3661-44f2-9619-a7f8d2a70871]: IDLE"}}
[debug] [2021-01-09T20:05:53.496Z] [work-queue] {"queueLength":1,"workRunningCount":0}
[debug] [2021-01-09T20:05:53.497Z] [work-queue] {"queueLength":0,"workRunningCount":1}
[debug] [2021-01-09T20:05:53.497Z] Accepted request POST /e-commerce-760c8/us-central1/api/payments/create?total=2999 --> api
[debug] [2021-01-09T20:05:53.507Z] [worker-pool] addWorker(api) {"metadata":{"emulator":{"name":"functions"},"message":"[worker-pool] addWorker(api)"}}
[debug] [2021-01-09T20:05:53.507Z] [worker-pool] Adding worker with key api, total=1 {"metadata":{"emulator":{"name":"functions"},"message":"[worker-pool] Adding worker with key api, total=1"}}
[debug] [2021-01-09T20:05:53.508Z] [worker-pool] submitWork(triggerId=api) {"metadata":{"emulator":{"name":"functions"},"message":"[worker-pool] submitWork(triggerId=api)"}}
[debug] [2021-01-09T20:05:53.508Z] [worker-api-bd2a7fc0-46ad-49b3-8bb3-4d1e553a4476]: Assigning socketPath: \\?\pipe\C:\Users\chamn\Downloads\e-commerce\amazon-clone\functions\16224 {"metadata":{"emulator":{"name":"functions"},"message":"[worker-api-bd2a7fc0-46ad-49b3-8bb3-4d1e553a4476]: Assigning socketPath: \\\\?\\pipe\\C:\\Users\\chamn\\Downloads\\e-commerce\\amazon-clone\\functions\\16224"}}
[debug] [2021-01-09T20:05:53.508Z] [worker-api-bd2a7fc0-46ad-49b3-8bb3-4d1e553a4476]: BUSY {"metadata":{"emulator":{"name":"functions"},"message":"[worker-api-bd2a7fc0-46ad-49b3-8bb3-4d1e553a4476]: BUSY"}}
[debug] [2021-01-09T20:05:54.075Z] [runtime-status] [16224] Functions runtime initialized. {"cwd":"C:\\Users\\chamn\\Downloads\\e-commerce\\amazon-clone\\functions","node_version":"12.18.4"} {"metadata":{"emulator":{"name":"functions"},"function":{"name":"api"},"message":"[runtime-status] [16224] Functions runtime initialized. {\"cwd\":\"C:\\\\Users\\\\chamn\\\\Downloads\\\\e-commerce\\\\amazon-clone\\\\functions\",\"node_version\":\"12.18.4\"}"}}
[debug] [2021-01-09T20:05:54.077Z] [runtime-status] [16224] Disabled runtime features: undefined {"metadata":{"emulator":{"name":"functions"},"function":{"name":"api"},"message":"[runtime-status] [16224] Disabled runtime features: undefined"}}
[debug] [2021-01-09T20:05:54.082Z] [runtime-status] [16224] Resolved module firebase-admin {"declared":true,"installed":true,"version":"9.4.2","resolution":"C:\\Users\\chamn\\Downloads\\e-commerce\\amazon-clone\\functions\\node_modules\\firebase-admin\\lib\\index.js"} {"metadata":{"emulator":{"name":"functions"},"function":{"name":"api"},"message":"[runtime-status] [16224] Resolved module firebase-admin {\"declared\":true,\"installed\":true,\"version\":\"9.4.2\",\"resolution\":\"C:\\\\Users\\\\chamn\\\\Downloads\\\\e-commerce\\\\amazon-clone\\\\functions\\\\node_modules\\\\firebase-admin\\\\lib\\\\index.js\"}"}}
[debug] [2021-01-09T20:05:54.084Z] [runtime-status] [16224] Resolved module firebase-functions {"declared":true,"installed":true,"version":"3.13.0","resolution":"C:\\Users\\chamn\\Downloads\\e-commerce\\amazon-clone\\functions\\node_modules\\firebase-functions\\lib\\index.js"} {"metadata":{"emulator":{"name":"functions"},"function":{"name":"api"},"message":"[runtime-status] [16224] Resolved module firebase-functions {\"declared\":true,\"installed\":true,\"version\":\"3.13.0\",\"resolution\":\"C:\\\\Users\\\\chamn\\\\Downloads\\\\e-commerce\\\\amazon-clone\\\\functions\\\\node_modules\\\\firebase-functions\\\\lib\\\\index.js\"}"}}
[debug] [2021-01-09T20:05:54.086Z] [runtime-status] [16224] Resolved module firebase-functions {"declared":true,"installed":true,"version":"3.13.0","resolution":"C:\\Users\\chamn\\Downloads\\e-commerce\\amazon-clone\\functions\\node_modules\\firebase-functions\\lib\\index.js"} {"metadata":{"emulator":{"name":"functions"},"function":{"name":"api"},"message":"[runtime-status] [16224] Resolved module firebase-functions {\"declared\":true,\"installed\":true,\"version\":\"3.13.0\",\"resolution\":\"C:\\\\Users\\\\chamn\\\\Downloads\\\\e-commerce\\\\amazon-clone\\\\functions\\\\node_modules\\\\firebase-functions\\\\lib\\\\index.js\"}"}}
[debug] [2021-01-09T20:05:54.089Z] [runtime-status] [16224] Outgoing network have been stubbed. [{"name":"http","status":"mocked"},{"name":"http","status":"mocked"},{"name":"https","status":"mocked"},{"name":"https","status":"mocked"},{"name":"net","status":"mocked"}] {"metadata":{"emulator":{"name":"functions"},"function":{"name":"api"},"message":"[runtime-status] [16224] Outgoing network have been stubbed. [{\"name\":\"http\",\"status\":\"mocked\"},{\"name\":\"http\",\"status\":\"mocked\"},{\"name\":\"https\",\"status\":\"mocked\"},{\"name\":\"https\",\"status\":\"mocked\"},{\"name\":\"net\",\"status\":\"mocked\"}]"}}
[debug] [2021-01-09T20:05:54.090Z] [runtime-status] [16224] Resolved module firebase-functions {"declared":true,"installed":true,"version":"3.13.0","resolution":"C:\\Users\\chamn\\Downloads\\e-commerce\\amazon-clone\\functions\\node_modules\\firebase-functions\\lib\\index.js"} {"metadata":{"emulator":{"name":"functions"},"function":{"name":"api"},"message":"[runtime-status] [16224] Resolved module firebase-functions {\"declared\":true,\"installed\":true,\"version\":\"3.13.0\",\"resolution\":\"C:\\\\Users\\\\chamn\\\\Downloads\\\\e-commerce\\\\amazon-clone\\\\functions\\\\node_modules\\\\firebase-functions\\\\lib\\\\index.js\"}"}}
[debug] [2021-01-09T20:05:54.184Z] [runtime-status] [16224] Checked functions.config() {"config":{}} {"metadata":{"emulator":{"name":"functions"},"function":{"name":"api"},"message":"[runtime-status] [16224] Checked functions.config() {\"config\":{}}"}}
[debug] [2021-01-09T20:05:54.184Z] [runtime-status] [16224] firebase-functions has been stubbed. {"functionsResolution":{"declared":true,"installed":true,"version":"3.13.0","resolution":"C:\\Users\\chamn\\Downloads\\e-commerce\\amazon-clone\\functions\\node_modules\\firebase-functions\\lib\\index.js"}} {"metadata":{"emulator":{"name":"functions"},"function":{"name":"api"},"message":"[runtime-status] [16224] firebase-functions has been stubbed. {\"functionsResolution\":{\"declared\":true,\"installed\":true,\"version\":\"3.13.0\",\"resolution\":\"C:\\\\Users\\\\chamn\\\\Downloads\\\\e-commerce\\\\amazon-clone\\\\functions\\\\node_modules\\\\firebase-functions\\\\lib\\\\index.js\"}}"}}
[debug] [2021-01-09T20:05:54.185Z] [runtime-status] [16224] Resolved module firebase-functions {"declared":true,"installed":true,"version":"3.13.0","resolution":"C:\\Users\\chamn\\Downloads\\e-commerce\\amazon-clone\\functions\\node_modules\\firebase-functions\\lib\\index.js"} {"metadata":{"emulator":{"name":"functions"},"function":{"name":"api"},"message":"[runtime-status] [16224] Resolved module firebase-functions {\"declared\":true,\"installed\":true,\"version\":\"3.13.0\",\"resolution\":\"C:\\\\Users\\\\chamn\\\\Downloads\\\\e-commerce\\\\amazon-clone\\\\functions\\\\node_modules\\\\firebase-functions\\\\lib\\\\index.js\"}"}}
[debug] [2021-01-09T20:05:54.188Z] [runtime-status] [16224] Resolved module firebase-admin {"declared":true,"installed":true,"version":"9.4.2","resolution":"C:\\Users\\chamn\\Downloads\\e-commerce\\amazon-clone\\functions\\node_modules\\firebase-admin\\lib\\index.js"} {"metadata":{"emulator":{"name":"functions"},"function":{"name":"api"},"message":"[runtime-status] [16224] Resolved module firebase-admin {\"declared\":true,\"installed\":true,\"version\":\"9.4.2\",\"resolution\":\"C:\\\\Users\\\\chamn\\\\Downloads\\\\e-commerce\\\\amazon-clone\\\\functions\\\\node_modules\\\\firebase-admin\\\\lib\\\\index.js\"}"}}
[debug] [2021-01-09T20:05:54.189Z] [runtime-status] [16224] Resolved module firebase-functions {"declared":true,"installed":true,"version":"3.13.0","resolution":"C:\\Users\\chamn\\Downloads\\e-commerce\\amazon-clone\\functions\\node_modules\\firebase-functions\\lib\\index.js"} {"metadata":{"emulator":{"name":"functions"},"function":{"name":"api"},"message":"[runtime-status] [16224] Resolved module firebase-functions {\"declared\":true,\"installed\":true,\"version\":\"3.13.0\",\"resolution\":\"C:\\\\Users\\\\chamn\\\\Downloads\\\\e-commerce\\\\amazon-clone\\\\functions\\\\node_modules\\\\firebase-functions\\\\lib\\\\index.js\"}"}}
[debug] [2021-01-09T20:05:54.190Z] [runtime-status] [16224] firebase-admin has been stubbed. {"adminResolution":{"declared":true,"installed":true,"version":"9.4.2","resolution":"C:\\Users\\chamn\\Downloads\\e-commerce\\amazon-clone\\functions\\node_modules\\firebase-admin\\lib\\index.js"}} {"metadata":{"emulator":{"name":"functions"},"function":{"name":"api"},"message":"[runtime-status] [16224] firebase-admin has been stubbed. {\"adminResolution\":{\"declared\":true,\"installed\":true,\"version\":\"9.4.2\",\"resolution\":\"C:\\\\Users\\\\chamn\\\\Downloads\\\\e-commerce\\\\amazon-clone\\\\functions\\\\node_modules\\\\firebase-admin\\\\lib\\\\index.js\"}}"}}
[debug] [2021-01-09T20:05:54.506Z] [runtime-status] [16224] Trigger "api" has been found, beginning invocation! {"metadata":{"emulator":{"name":"functions"},"function":{"name":"api"},"message":"[runtime-status] [16224] Trigger \"api\" has been found, beginning invocation!"}}
[info] i  functions: Beginning execution of "api" {"metadata":{"emulator":{"name":"functions"},"function":{"name":"api"},"message":"Beginning execution of \"api\""}}
[debug] [2021-01-09T20:05:54.509Z] [runtime-status] [16224] triggerDefinition {"httpsTrigger":{},"name":"api","entryPoint":"api"} {"metadata":{"emulator":{"name":"functions"},"function":{"name":"api"},"message":"[runtime-status] [16224] triggerDefinition {\"httpsTrigger\":{},\"name\":\"api\",\"entryPoint\":\"api\"}"}}
[debug] [2021-01-09T20:05:54.509Z] [runtime-status] [16224] Running api in mode HTTPS {"metadata":{"emulator":{"name":"functions"},"function":{"name":"api"},"message":"[runtime-status] [16224] Running api in mode HTTPS"}}
[debug] [2021-01-09T20:05:54.513Z] [runtime-status] [16224] Attempting to listen to socketPath: \\?\pipe\C:\Users\chamn\Downloads\e-commerce\amazon-clone\functions\16224 {"metadata":{"emulator":{"name":"functions"},"function":{"name":"api"},"message":"[runtime-status] [16224] Attempting to listen to socketPath: \\\\?\\pipe\\C:\\Users\\chamn\\Downloads\\e-commerce\\amazon-clone\\functions\\16224"}}
[debug] [2021-01-09T20:05:54.516Z] [functions] Runtime ready! Sending request! {"metadata":{"emulator":{"name":"functions"},"message":"[functions] Runtime ready! Sending request!"}}
[debug] [2021-01-09T20:05:54.532Z] [runtime-status] [16224] Ephemeral server handling POST request {"metadata":{"emulator":{"name":"functions"},"function":{"name":"api"},"message":"[runtime-status] [16224] Ephemeral server handling POST request"}}
[info] >  Payment Request received =>  2999 {"user":"Payment Request received =>  2999","metadata":{"emulator":{"name":"functions"},"function":{"name":"api"},"message":"\u001b[90m> \u001b[39m Payment Request received =>  2999"}}
[debug] [2021-01-09T20:05:54.548Z] [runtime-status] [16224] Ephemeral server survived. {"metadata":{"emulator":{"name":"functions"},"function":{"name":"api"},"message":"[runtime-status] [16224] Ephemeral server survived."}}
[info] >  POST /e-commerce-760c8/us-central1/api/payments/create?total=2999 201 626.989 ms - 79 {"user":"\u001b[0mPOST /e-commerce-760c8/us-central1/api/payments/create?total=2999 \u001b[32m201\u001b[0m 626.989 ms - 79\u001b[0m","metadata":{"emulator":{"name":"functions"},"function":{"name":"api"},"message":"\u001b[90m> \u001b[39m \u001b[0mPOST /e-commerce-760c8/us-central1/api/payments/create?total=2999 \u001b[32m201\u001b[0m 626.989 ms - 79\u001b[0m"}}
[info] i  functions: Finished "api" in ~1s {"metadata":{"emulator":{"name":"functions"},"function":{"name":"api"},"message":"Finished \"api\" in ~1s"}}
[debug] [2021-01-09T20:05:55.166Z] [worker-api-bd2a7fc0-46ad-49b3-8bb3-4d1e553a4476]: IDLE {"metadata":{"emulator":{"name":"functions"},"message":"[worker-api-bd2a7fc0-46ad-49b3-8bb3-4d1e553a4476]: IDLE"}}
[debug] [2021-01-09T20:05:55.167Z] [work-queue] {"queueLength":0,"workRunningCount":0}
[debug] [2021-01-09T20:06:02.898Z] [work-queue] {"queueLength":1,"workRunningCount":0}
[debug] [2021-01-09T20:06:02.898Z] [work-queue] {"queueLength":0,"workRunningCount":1}
[debug] [2021-01-09T20:06:02.898Z] Accepted request POST /e-commerce-760c8/us-central1/api/payments/create?total=0 --> api
[debug] [2021-01-09T20:06:02.899Z] [worker-pool] submitWork(triggerId=api) {"metadata":{"emulator":{"name":"functions"},"message":"[worker-pool] submitWork(triggerId=api)"}}
[debug] [2021-01-09T20:06:02.899Z] [worker-api-bd2a7fc0-46ad-49b3-8bb3-4d1e553a4476]: Assigning socketPath: \\?\pipe\C:\Users\chamn\Downloads\e-commerce\amazon-clone\functions\16224 {"metadata":{"emulator":{"name":"functions"},"message":"[worker-api-bd2a7fc0-46ad-49b3-8bb3-4d1e553a4476]: Assigning socketPath: \\\\?\\pipe\\C:\\Users\\chamn\\Downloads\\e-commerce\\amazon-clone\\functions\\16224"}}
[debug] [2021-01-09T20:06:02.899Z] [worker-api-bd2a7fc0-46ad-49b3-8bb3-4d1e553a4476]: BUSY {"metadata":{"emulator":{"name":"functions"},"message":"[worker-api-bd2a7fc0-46ad-49b3-8bb3-4d1e553a4476]: BUSY"}}
[debug] [2021-01-09T20:06:02.900Z] [runtime-status] [16224] Trigger "api" has been found, beginning invocation! {"metadata":{"emulator":{"name":"functions"},"function":{"name":"api"},"message":"[runtime-status] [16224] Trigger \"api\" has been found, beginning invocation!"}}
[info] i  functions: Beginning execution of "api" {"metadata":{"emulator":{"name":"functions"},"function":{"name":"api"},"message":"Beginning execution of \"api\""}}
[debug] [2021-01-09T20:06:02.933Z] [runtime-status] [16224] triggerDefinition {"httpsTrigger":{},"name":"api","entryPoint":"api"} {"metadata":{"emulator":{"name":"functions"},"function":{"name":"api"},"message":"[runtime-status] [16224] triggerDefinition {\"httpsTrigger\":{},\"name\":\"api\",\"entryPoint\":\"api\"}"}}
[debug] [2021-01-09T20:06:02.933Z] [runtime-status] [16224] Running api in mode HTTPS {"metadata":{"emulator":{"name":"functions"},"function":{"name":"api"},"message":"[runtime-status] [16224] Running api in mode HTTPS"}}
[debug] [2021-01-09T20:06:02.933Z] [runtime-status] [16224] Attempting to listen to socketPath: \\?\pipe\C:\Users\chamn\Downloads\e-commerce\amazon-clone\functions\16224 {"metadata":{"emulator":{"name":"functions"},"function":{"name":"api"},"message":"[runtime-status] [16224] Attempting to listen to socketPath: \\\\?\\pipe\\C:\\Users\\chamn\\Downloads\\e-commerce\\amazon-clone\\functions\\16224"}}
[debug] [2021-01-09T20:06:02.935Z] [functions] Runtime ready! Sending request! {"metadata":{"emulator":{"name":"functions"},"message":"[functions] Runtime ready! Sending request!"}}
[debug] [2021-01-09T20:06:02.937Z] [runtime-status] [16224] Ephemeral server handling POST request {"metadata":{"emulator":{"name":"functions"},"function":{"name":"api"},"message":"[runtime-status] [16224] Ephemeral server handling POST request"}}
[info] >  Payment Request received =>  0 {"user":"Payment Request received =>  0","metadata":{"emulator":{"name":"functions"},"function":{"name":"api"},"message":"\u001b[90m> \u001b[39m Payment Request received =>  0"}}
[debug] [2021-01-09T20:06:02.944Z] [runtime-status] [16224] Ephemeral server survived. {"metadata":{"emulator":{"name":"functions"},"function":{"name":"api"},"message":"[runtime-status] [16224] Ephemeral server survived."}}
[info] >  (node:16224) UnhandledPromiseRejectionWarning: Error: This value must be greater than or equal to 1. {"user":"(node:16224) UnhandledPromiseRejectionWarning: Error: This value must be greater than or equal to 1.","metadata":{"emulator":{"name":"functions"},"function":{"name":"api"},"message":"\u001b[90m> \u001b[39m (node:16224) UnhandledPromiseRejectionWarning: Error: This value must be greater than or equal to 1."}}
[info] >      at Function.generate (C:\Users\chamn\Downloads\e-commerce\amazon-clone\functions\node_modules\stripe\lib\Error.js:40:16) {"user":"    at Function.generate (C:\\Users\\chamn\\Downloads\\e-commerce\\amazon-clone\\functions\\node_modules\\stripe\\lib\\Error.js:40:16)","metadata":{"emulator":{"name":"functions"},"function":{"name":"api"},"message":"\u001b[90m> \u001b[39m     at Function.generate (C:\\Users\\chamn\\Downloads\\e-commerce\\amazon-clone\\functions\\node_modules\\stripe\\lib\\Error.js:40:16)"}}
[info] >      at IncomingMessage.<anonymous> (C:\Users\chamn\Downloads\e-commerce\amazon-clone\functions\node_modules\stripe\lib\StripeResource.js:190:33) {"user":"    at IncomingMessage.<anonymous> (C:\\Users\\chamn\\Downloads\\e-commerce\\amazon-clone\\functions\\node_modules\\stripe\\lib\\StripeResource.js:190:33)","metadata":{"emulator":{"name":"functions"},"function":{"name":"api"},"message":"\u001b[90m> \u001b[39m     at IncomingMessage.<anonymous> (C:\\Users\\chamn\\Downloads\\e-commerce\\amazon-clone\\functions\\node_modules\\stripe\\lib\\StripeResource.js:190:33)"}}
[info] >      at Object.onceWrapper (events.js:421:28) {"user":"    at Object.onceWrapper (events.js:421:28)","metadata":{"emulator":{"name":"functions"},"function":{"name":"api"},"message":"\u001b[90m> \u001b[39m     at Object.onceWrapper (events.js:421:28)"}}
[info] >      at IncomingMessage.emit (events.js:327:22) {"user":"    at IncomingMessage.emit (events.js:327:22)","metadata":{"emulator":{"name":"functions"},"function":{"name":"api"},"message":"\u001b[90m> \u001b[39m     at IncomingMessage.emit (events.js:327:22)"}}
[info] >      at endReadableNT (_stream_readable.js:1220:12) {"user":"    at endReadableNT (_stream_readable.js:1220:12)","metadata":{"emulator":{"name":"functions"},"function":{"name":"api"},"message":"\u001b[90m> \u001b[39m     at endReadableNT (_stream_readable.js:1220:12)"}}
[info] >      at processTicksAndRejections (internal/process/task_queues.js:84:21) {"user":"    at processTicksAndRejections (internal/process/task_queues.js:84:21)","metadata":{"emulator":{"name":"functions"},"function":{"name":"api"},"message":"\u001b[90m> \u001b[39m     at processTicksAndRejections (internal/process/task_queues.js:84:21)"}}
[info] >  (node:16224) UnhandledPromiseRejectionWarning: Unhandled promise rejection. This error originated either by throwing inside of an async function without a catch block, or by rejecting a promise which was not handled with .catch(). To terminate the node process on unhandled promise rejection, use the CLI flag `--unhandled-rejections=strict` (see https://nodejs.org/api/cli.html#cli_unhandled_rejections_mode). (rejection id: 1) {"user":"(node:16224) UnhandledPromiseRejectionWarning: Unhandled promise rejection. This error originated either by throwing inside of an async function without a catch block, or by rejecting a promise which was not handled with .catch(). To terminate the node process on unhandled promise rejection, use the CLI flag `--unhandled-rejections=strict` (see https://nodejs.org/api/cli.html#cli_unhandled_rejections_mode). (rejection id: 1)","metadata":{"emulator":{"name":"functions"},"function":{"name":"api"},"message":"\u001b[90m> \u001b[39m (node:16224) UnhandledPromiseRejectionWarning: Unhandled promise rejection. This error originated either by throwing inside of an async function without a catch block, or by rejecting a promise which was not handled with .catch(). To terminate the node process on unhandled promise rejection, use the CLI flag `--unhandled-rejections=strict` (see https://nodejs.org/api/cli.html#cli_unhandled_rejections_mode). (rejection id: 1)"}}
[info] >  (node:16224) [DEP0018] DeprecationWarning: Unhandled promise rejections are deprecated. In the future, promise rejections that are not handled will terminate the Node.js process with a non-zero exit code. {"user":"(node:16224) [DEP0018] DeprecationWarning: Unhandled promise rejections are deprecated. In the future, promise rejections that are not handled will terminate the Node.js process with a non-zero exit code.","metadata":{"emulator":{"name":"functions"},"function":{"name":"api"},"message":"\u001b[90m> \u001b[39m (node:16224) [DEP0018] DeprecationWarning: Unhandled promise rejections are deprecated. In the future, promise rejections that are not handled will terminate the Node.js process with a non-zero exit code."}}
[warn] !  functions: Your function timed out after ~60s. To configure this timeout, see
      https://firebase.google.com/docs/functions/manage-functions#set_timeout_and_memory_allocation. {"metadata":{"emulator":{"name":"functions"},"function":{"name":"api"},"message":"Your function timed out after ~60s. To configure this timeout, see\n      https://firebase.google.com/docs/functions/manage-functions#set_timeout_and_memory_allocation."}}
[info] >  C:\Users\chamn\AppData\Roaming\npm\node_modules\firebase-tools\lib\emulator\functionsEmulatorRuntime.js:641 {"user":"C:\\Users\\chamn\\AppData\\Roaming\\npm\\node_modules\\firebase-tools\\lib\\emulator\\functionsEmulatorRuntime.js:641\r","metadata":{"emulator":{"name":"functions"},"function":{"name":"api"},"message":"\u001b[90m> \u001b[39m C:\\Users\\chamn\\AppData\\Roaming\\npm\\node_modules\\firebase-tools\\lib\\emulator\\functionsEmulatorRuntime.js:641\r"}}
[info] >              throw new Error("Function timed out."); {"user":"            throw new Error(\"Function timed out.\");\r","metadata":{"emulator":{"name":"functions"},"function":{"name":"api"},"message":"\u001b[90m> \u001b[39m             throw new Error(\"Function timed out.\");\r"}}
[info] >              ^ {"user":"            ^\r","metadata":{"emulator":{"name":"functions"},"function":{"name":"api"},"message":"\u001b[90m> \u001b[39m             ^\r"}}
[info] >   {"user":"\r","metadata":{"emulator":{"name":"functions"},"function":{"name":"api"},"message":"\u001b[90m> \u001b[39m \r"}}
[info] >  Error: Function timed out. {"user":"Error: Function timed out.\r","metadata":{"emulator":{"name":"functions"},"function":{"name":"api"},"message":"\u001b[90m> \u001b[39m Error: Function timed out.\r"}}
[info] >      at Timeout._onTimeout (C:\Users\chamn\AppData\Roaming\npm\node_modules\firebase-tools\lib\emulator\functionsEmulatorRuntime.js:641:19) {"user":"    at Timeout._onTimeout (C:\\Users\\chamn\\AppData\\Roaming\\npm\\node_modules\\firebase-tools\\lib\\emulator\\functionsEmulatorRuntime.js:641:19)\r","metadata":{"emulator":{"name":"functions"},"function":{"name":"api"},"message":"\u001b[90m> \u001b[39m     at Timeout._onTimeout (C:\\Users\\chamn\\AppData\\Roaming\\npm\\node_modules\\firebase-tools\\lib\\emulator\\functionsEmulatorRuntime.js:641:19)\r"}}
[info] >      at listOnTimeout (internal/timers.js:549:17) {"user":"    at listOnTimeout (internal/timers.js:549:17)\r","metadata":{"emulator":{"name":"functions"},"function":{"name":"api"},"message":"\u001b[90m> \u001b[39m     at listOnTimeout (internal/timers.js:549:17)\r"}}
[info] >      at processTimers (internal/timers.js:492:7) {"user":"    at processTimers (internal/timers.js:492:7)\r","metadata":{"emulator":{"name":"functions"},"function":{"name":"api"},"message":"\u001b[90m> \u001b[39m     at processTimers (internal/timers.js:492:7)\r"}}
[debug] [2021-01-09T20:07:02.934Z] [worker-api-bd2a7fc0-46ad-49b3-8bb3-4d1e553a4476]: exited {"metadata":{"emulator":{"name":"functions"},"message":"[worker-api-bd2a7fc0-46ad-49b3-8bb3-4d1e553a4476]: exited"}}
[debug] [2021-01-09T20:07:02.935Z] [worker-api-bd2a7fc0-46ad-49b3-8bb3-4d1e553a4476]: FINISHED {"metadata":{"emulator":{"name":"functions"},"message":"[worker-api-bd2a7fc0-46ad-49b3-8bb3-4d1e553a4476]: FINISHED"}}
[debug] [2021-01-09T20:07:02.935Z] [work-queue] {"queueLength":0,"workRunningCount":0}
